<?xml version="1.0" encoding="UTF-8"?>
<!-- Generated by org.testng.reporters.JUnitReportReporter -->
<testsuite hostname="DESKTOP-PJTEI91" name="com.qa.testcaases.SpainRegisterTest" tests="1" failures="0" timestamp="18 Apr 2020 12:46:29 GMT" time="34.700" errors="0">
  <testcase name="testRegister" time="34.700" classname="com.qa.testcaases.SpainRegisterTest"/>
</testsuite> <!-- com.qa.testcaases.SpainRegisterTest -->
