<?xml version="1.0" encoding="UTF-8"?>
<!-- Generated by org.testng.reporters.JUnitReportReporter -->
<testsuite hostname="DESKTOP-PJTEI91" name="com.qa.testcaases.Assignment1Ques1" tests="1" failures="0" timestamp="2 May 2020 12:35:08 GMT" time="39.839" errors="0">
  <testcase name="Clickl" time="39.839" classname="com.qa.testcaases.Assignment1Ques1"/>
</testsuite> <!-- com.qa.testcaases.Assignment1Ques1 -->
