<?xml version="1.0" encoding="UTF-8"?>
<!-- Generated by org.testng.reporters.JUnitReportReporter -->
<testsuite hostname="DESKTOP-PJTEI91" name="com.qa.testcaases.Assignment1Ques3" tests="1" failures="0" timestamp="17 Apr 2020 09:47:51 GMT" time="28.109" errors="0">
  <testcase name="Clickl" time="28.109" classname="com.qa.testcaases.Assignment1Ques3"/>
</testsuite> <!-- com.qa.testcaases.Assignment1Ques3 -->
