<?xml version="1.0" encoding="UTF-8"?>
<!-- Generated by org.testng.reporters.JUnitReportReporter -->
<testsuite hostname="DESKTOP-PJTEI91" name="com.qa.testcaases.Assignment1Ques1" tests="1" failures="0" timestamp="21 Apr 2020 19:05:03 GMT" time="34.106" errors="0">
  <testcase name="Clickl" time="34.106" classname="com.qa.testcaases.Assignment1Ques1"/>
</testsuite> <!-- com.qa.testcaases.Assignment1Ques1 -->
