<?xml version="1.0" encoding="UTF-8"?>
<!-- Generated by org.testng.reporters.JUnitReportReporter -->
<testsuite hostname="DESKTOP-PJTEI91" name="com.qa.testcaases.Assignment1Ques6" tests="1" failures="0" timestamp="17 Apr 2020 12:34:26 GMT" time="37.249" errors="0">
  <testcase name="Clickl" time="37.249" classname="com.qa.testcaases.Assignment1Ques6"/>
</testsuite> <!-- com.qa.testcaases.Assignment1Ques6 -->
