<?xml version="1.0" encoding="UTF-8"?>
<!-- Generated by org.testng.reporters.JUnitReportReporter -->
<testsuite hostname="DESKTOP-PJTEI91" name="com.qa.testcaases.Assignment1Ques4" tests="1" failures="0" timestamp="17 Apr 2020 10:18:55 GMT" time="23.421" errors="0">
  <testcase name="Clickl" time="23.421" classname="com.qa.testcaases.Assignment1Ques4"/>
</testsuite> <!-- com.qa.testcaases.Assignment1Ques4 -->
