<?xml version="1.0" encoding="UTF-8"?>
<!-- Generated by org.testng.reporters.JUnitReportReporter -->
<testsuite hostname="DESKTOP-PJTEI91" name="com.qa.testcaases.Assignment1Ques5" tests="1" failures="0" timestamp="17 Apr 2020 12:10:08 GMT" time="25.086" errors="0">
  <testcase name="Clickl" time="25.086" classname="com.qa.testcaases.Assignment1Ques5"/>
</testsuite> <!-- com.qa.testcaases.Assignment1Ques5 -->
