<?xml version="1.0" encoding="UTF-8"?>
<!-- Generated by org.testng.reporters.JUnitReportReporter -->
<testsuite hostname="DESKTOP-PJTEI91" name="com.qa.testcaases.Assignment1Ques4" tests="1" failures="0" timestamp="29 Apr 2020 18:27:11 GMT" time="44.890" errors="0">
  <testcase name="Clickl" time="44.890" classname="com.qa.testcaases.Assignment1Ques4"/>
</testsuite> <!-- com.qa.testcaases.Assignment1Ques4 -->
