<?xml version="1.0" encoding="UTF-8"?>
<!-- Generated by org.testng.reporters.JUnitReportReporter -->
<testsuite hostname="DESKTOP-PJTEI91" name="com.qa.testcaases.RegisterTest" tests="1" failures="0" timestamp="22 Apr 2020 14:29:55 GMT" time="46.544" errors="0">
  <testcase name="testregister" time="46.544" classname="com.qa.testcaases.RegisterTest"/>
</testsuite> <!-- com.qa.testcaases.RegisterTest -->
