<?xml version="1.0" encoding="UTF-8"?>
<!-- Generated by org.testng.reporters.JUnitReportReporter -->
<testsuite hostname="DESKTOP-PJTEI91" name="com.qa.testcaases.Assignment1Ques4" tests="1" failures="0" timestamp="2 May 2020 12:25:38 GMT" time="30.398" errors="0">
  <testcase name="Clickl" time="30.398" classname="com.qa.testcaases.Assignment1Ques4"/>
</testsuite> <!-- com.qa.testcaases.Assignment1Ques4 -->
