<?xml version="1.0" encoding="UTF-8"?>
<!-- Generated by org.testng.reporters.JUnitReportReporter -->
<testsuite hostname="DESKTOP-PJTEI91" name="com.qa.testcaases.Assignment1Ques2" tests="1" failures="0" timestamp="17 Apr 2020 06:39:39 GMT" time="22.095" errors="0">
  <testcase name="contactpagedetails" time="22.095" classname="com.qa.testcaases.Assignment1Ques2"/>
</testsuite> <!-- com.qa.testcaases.Assignment1Ques2 -->
