<?xml version="1.0" encoding="UTF-8"?>
<!-- Generated by org.testng.reporters.JUnitReportReporter -->
<testsuite hostname="DESKTOP-PJTEI91" name="com.qa.testcaases.SpainRegisterTest" tests="1" failures="0" timestamp="19 Apr 2020 09:45:36 GMT" time="28.963" errors="0">
  <testcase name="testRegister" time="28.963" classname="com.qa.testcaases.SpainRegisterTest"/>
</testsuite> <!-- com.qa.testcaases.SpainRegisterTest -->
