<?xml version="1.0" encoding="UTF-8"?>
<!-- Generated by org.testng.reporters.JUnitReportReporter -->
<testsuite hostname="DESKTOP-PJTEI91" name="com.qa.testcaases.Assignment1Ques1" tests="1" failures="0" timestamp="17 Apr 2020 05:21:30 GMT" time="17.808" errors="0">
  <testcase name="Clickl" time="17.808" classname="com.qa.testcaases.Assignment1Ques1"/>
</testsuite> <!-- com.qa.testcaases.Assignment1Ques1 -->
