<?xml version="1.0" encoding="UTF-8"?>
<!-- Generated by org.testng.reporters.JUnitReportReporter -->
<testsuite hostname="DESKTOP-PJTEI91" name="com.qa.testcaases.GermanyRegister" tests="1" failures="0" timestamp="19 Apr 2020 09:50:05 GMT" time="54.962" errors="0">
  <testcase name="testRegister" time="54.962" classname="com.qa.testcaases.GermanyRegister"/>
</testsuite> <!-- com.qa.testcaases.GermanyRegister -->
